<?xml version="1.0" encoding="UTF-8"?>
<coverage generated="1518655528451" clover="3.2.0">
  <project timestamp="1518655528451" name="All files">
    <metrics statements="57" coveredstatements="57" conditionals="36" coveredconditionals="36" methods="14" coveredmethods="14" elements="107" coveredelements="107" complexity="0" loc="57" ncloc="57" packages="1" files="3" classes="3">
      <file name="createNumberMask.js" path="C:\Users\Renato\Documents\Workspace\redux-form-input-masks\src\createNumberMask.js">
        <metrics statements="54" coveredstatements="54" conditionals="34" coveredconditionals="34" methods="12" coveredmethods="12"/>
        <line num="13" count="24" type="cond" truecount="2" falsecount="0"/>
        <line num="15" count="24" type="stmt"/>
        <line num="16" count="10" type="stmt"/>
        <line num="21" count="24" type="stmt"/>
        <line num="22" count="10" type="stmt"/>
        <line num="23" count="10" type="cond" truecount="2" falsecount="0"/>
        <line num="24" count="1" type="stmt"/>
        <line num="25" count="9" type="cond" truecount="2" falsecount="0"/>
        <line num="26" count="3" type="stmt"/>
        <line num="30" count="10" type="stmt"/>
        <line num="31" count="10" type="cond" truecount="2" falsecount="0"/>
        <line num="32" count="4" type="stmt"/>
        <line num="33" count="4" type="cond" truecount="2" falsecount="0"/>
        <line num="34" count="2" type="stmt"/>
        <line num="39" count="10" type="stmt"/>
        <line num="41" count="10" type="stmt"/>
        <line num="44" count="24" type="stmt"/>
        <line num="45" count="21" type="stmt"/>
        <line num="46" count="21" type="stmt"/>
        <line num="48" count="21" type="stmt"/>
        <line num="49" count="21" type="stmt"/>
        <line num="52" count="21" type="cond" truecount="4" falsecount="0"/>
        <line num="53" count="3" type="stmt"/>
        <line num="57" count="18" type="stmt"/>
        <line num="58" count="18" type="cond" truecount="2" falsecount="0"/>
        <line num="59" count="3" type="stmt"/>
        <line num="61" count="3" type="stmt"/>
        <line num="64" count="3" type="stmt"/>
        <line num="68" count="18" type="stmt"/>
        <line num="70" count="18" type="cond" truecount="2" falsecount="0"/>
        <line num="71" count="11" type="stmt"/>
        <line num="74" count="18" type="cond" truecount="2" falsecount="0"/>
        <line num="75" count="11" type="stmt"/>
        <line num="78" count="18" type="stmt"/>
        <line num="81" count="18" type="stmt"/>
        <line num="82" count="18" type="cond" truecount="2" falsecount="0"/>
        <line num="83" count="6" type="stmt"/>
        <line num="86" count="18" type="cond" truecount="2" falsecount="0"/>
        <line num="87" count="1" type="stmt"/>
        <line num="90" count="18" type="stmt"/>
        <line num="93" count="24" type="stmt"/>
        <line num="94" count="6" type="cond" truecount="2" falsecount="0"/>
        <line num="95" count="5" type="cond" truecount="2" falsecount="0"/>
        <line num="96" count="4" type="stmt"/>
        <line num="99" count="5" type="stmt"/>
        <line num="100" count="4" type="stmt"/>
        <line num="101" count="4" type="stmt"/>
        <line num="106" count="24" type="stmt"/>
        <line num="107" count="10" type="stmt"/>
        <line num="109" count="21" type="stmt"/>
        <line num="110" count="3" type="stmt"/>
        <line num="111" count="1" type="stmt"/>
        <line num="112" count="1" type="stmt"/>
        <line num="113" count="1" type="stmt"/>
      </file>
      <file name="index.js" path="C:\Users\Renato\Documents\Workspace\redux-form-input-masks\src\index.js">
        <metrics statements="0" coveredstatements="0" conditionals="0" coveredconditionals="0" methods="0" coveredmethods="0"/>
      </file>
      <file name="utils.js" path="C:\Users\Renato\Documents\Workspace\redux-form-input-masks\src\utils.js">
        <metrics statements="3" coveredstatements="3" conditionals="2" coveredconditionals="2" methods="2" coveredmethods="2"/>
        <line num="1" count="2" type="stmt"/>
        <line num="2" count="43" type="stmt"/>
        <line num="4" count="14" type="cond" truecount="2" falsecount="0"/>
      </file>
    </metrics>
  </project>
</coverage>
