{"C:\\Users\\Renato\\Documents\\Workspace\\redux-form-input-masks\\src\\createNumberMask.js": {"path":"C:\\Users\\Renato\\Documents\\Workspace\\redux-form-input-masks\\src\\createNumberMask.js","statementMap":{"0":{"start":{"line":14,"column":4},"end":{"line":14,"column":17}},"1":{"start":{"line":16,"column":31},"end":{"line":20,"column":6}},"2":{"start":{"line":17,"column":4},"end":{"line":20,"column":6}},"3":{"start":{"line":22,"column":17},"end":{"line":43,"column":3}},"4":{"start":{"line":23,"column":17},"end":{"line":23,"column":27}},"5":{"start":{"line":24,"column":4},"end":{"line":28,"column":5}},"6":{"start":{"line":25,"column":6},"end":{"line":25,"column":17}},"7":{"start":{"line":26,"column":11},"end":{"line":28,"column":5}},"8":{"start":{"line":27,"column":6},"end":{"line":27,"column":30}},"9":{"start":{"line":31,"column":15},"end":{"line":31,"column":38}},"10":{"start":{"line":32,"column":4},"end":{"line":37,"column":5}},"11":{"start":{"line":33,"column":6},"end":{"line":33,"column":19}},"12":{"start":{"line":34,"column":6},"end":{"line":36,"column":7}},"13":{"start":{"line":35,"column":8},"end":{"line":35,"column":19}},"14":{"start":{"line":40,"column":4},"end":{"line":40,"column":42}},"15":{"start":{"line":42,"column":4},"end":{"line":42,"column":48}},"16":{"start":{"line":45,"column":20},"end":{"line":92,"column":3}},"17":{"start":{"line":46,"column":26},"end":{"line":46,"column":46}},"18":{"start":{"line":47,"column":26},"end":{"line":47,"column":46}},"19":{"start":{"line":49,"column":24},"end":{"line":49,"column":61}},"20":{"start":{"line":50,"column":24},"end":{"line":50,"column":55}},"21":{"start":{"line":53,"column":4},"end":{"line":55,"column":5}},"22":{"start":{"line":54,"column":6},"end":{"line":54,"column":27}},"23":{"start":{"line":58,"column":21},"end":{"line":58,"column":22}},"24":{"start":{"line":59,"column":4},"end":{"line":66,"column":5}},"25":{"start":{"line":60,"column":26},"end":{"line":60,"column":30}},"26":{"start":{"line":62,"column":8},"end":{"line":64,"column":44}},"27":{"start":{"line":65,"column":6},"end":{"line":65,"column":37}},"28":{"start":{"line":69,"column":17},"end":{"line":69,"column":29}},"29":{"start":{"line":71,"column":4},"end":{"line":73,"column":5}},"30":{"start":{"line":72,"column":6},"end":{"line":72,"column":47}},"31":{"start":{"line":75,"column":4},"end":{"line":77,"column":5}},"32":{"start":{"line":76,"column":6},"end":{"line":76,"column":47}},"33":{"start":{"line":79,"column":4},"end":{"line":79,"column":60}},"34":{"start":{"line":82,"column":17},"end":{"line":82,"column":66}},"35":{"start":{"line":83,"column":4},"end":{"line":85,"column":5}},"36":{"start":{"line":84,"column":6},"end":{"line":84,"column":33}},"37":{"start":{"line":87,"column":4},"end":{"line":89,"column":5}},"38":{"start":{"line":88,"column":6},"end":{"line":88,"column":23}},"39":{"start":{"line":91,"column":4},"end":{"line":91,"column":18}},"40":{"start":{"line":94,"column":30},"end":{"line":105,"column":3}},"41":{"start":{"line":95,"column":4},"end":{"line":104,"column":5}},"42":{"start":{"line":96,"column":6},"end":{"line":98,"column":7}},"43":{"start":{"line":97,"column":8},"end":{"line":97,"column":24}},"44":{"start":{"line":100,"column":6},"end":{"line":103,"column":9}},"45":{"start":{"line":101,"column":25},"end":{"line":101,"column":66}},"46":{"start":{"line":102,"column":8},"end":{"line":102,"column":59}},"47":{"start":{"line":107,"column":2},"end":{"line":116,"column":4}},"48":{"start":{"line":108,"column":26},"end":{"line":108,"column":44}},"49":{"start":{"line":110,"column":6},"end":{"line":110,"column":44}},"50":{"start":{"line":111,"column":24},"end":{"line":111,"column":50}},"51":{"start":{"line":112,"column":26},"end":{"line":112,"column":52}},"52":{"start":{"line":113,"column":22},"end":{"line":113,"column":48}},"53":{"start":{"line":114,"column":22},"end":{"line":114,"column":48}}},"fnMap":{"0":{"name":"(anonymous_0)","decl":{"start":{"line":3,"column":15},"end":{"line":3,"column":16}},"loc":{"start":{"line":3,"column":26},"end":{"line":117,"column":1}},"line":3},"1":{"name":"(anonymous_1)","decl":{"start":{"line":16,"column":31},"end":{"line":16,"column":32}},"loc":{"start":{"line":17,"column":4},"end":{"line":20,"column":6}},"line":17},"2":{"name":"(anonymous_2)","decl":{"start":{"line":22,"column":17},"end":{"line":22,"column":18}},"loc":{"start":{"line":22,"column":31},"end":{"line":43,"column":3}},"line":22},"3":{"name":"(anonymous_3)","decl":{"start":{"line":45,"column":20},"end":{"line":45,"column":21}},"loc":{"start":{"line":45,"column":53},"end":{"line":92,"column":3}},"line":45},"4":{"name":"(anonymous_4)","decl":{"start":{"line":94,"column":30},"end":{"line":94,"column":31}},"loc":{"start":{"line":94,"column":39},"end":{"line":105,"column":3}},"line":94},"5":{"name":"(anonymous_5)","decl":{"start":{"line":100,"column":17},"end":{"line":100,"column":18}},"loc":{"start":{"line":100,"column":23},"end":{"line":103,"column":7}},"line":100},"6":{"name":"(anonymous_6)","decl":{"start":{"line":108,"column":12},"end":{"line":108,"column":13}},"loc":{"start":{"line":108,"column":26},"end":{"line":108,"column":44}},"line":108},"7":{"name":"(anonymous_7)","decl":{"start":{"line":109,"column":15},"end":{"line":109,"column":16}},"loc":{"start":{"line":110,"column":6},"end":{"line":110,"column":44}},"line":110},"8":{"name":"(anonymous_8)","decl":{"start":{"line":111,"column":15},"end":{"line":111,"column":16}},"loc":{"start":{"line":111,"column":24},"end":{"line":111,"column":50}},"line":111},"9":{"name":"(anonymous_9)","decl":{"start":{"line":112,"column":17},"end":{"line":112,"column":18}},"loc":{"start":{"line":112,"column":26},"end":{"line":112,"column":52}},"line":112},"10":{"name":"(anonymous_10)","decl":{"start":{"line":113,"column":13},"end":{"line":113,"column":14}},"loc":{"start":{"line":113,"column":22},"end":{"line":113,"column":48}},"line":113},"11":{"name":"(anonymous_11)","decl":{"start":{"line":114,"column":13},"end":{"line":114,"column":14}},"loc":{"start":{"line":114,"column":22},"end":{"line":114,"column":48}},"line":114}},"branchMap":{"0":{"loc":{"start":{"line":5,"column":4},"end":{"line":5,"column":15}},"type":"default-arg","locations":[{"start":{"line":5,"column":13},"end":{"line":5,"column":15}}],"line":5},"1":{"loc":{"start":{"line":6,"column":4},"end":{"line":6,"column":15}},"type":"default-arg","locations":[{"start":{"line":6,"column":13},"end":{"line":6,"column":15}}],"line":6},"2":{"loc":{"start":{"line":7,"column":4},"end":{"line":7,"column":21}},"type":"default-arg","locations":[{"start":{"line":7,"column":20},"end":{"line":7,"column":21}}],"line":7},"3":{"loc":{"start":{"line":8,"column":4},"end":{"line":8,"column":23}},"type":"default-arg","locations":[{"start":{"line":8,"column":18},"end":{"line":8,"column":23}}],"line":8},"4":{"loc":{"start":{"line":9,"column":4},"end":{"line":9,"column":25}},"type":"default-arg","locations":[{"start":{"line":9,"column":20},"end":{"line":9,"column":25}}],"line":9},"5":{"loc":{"start":{"line":10,"column":4},"end":{"line":10,"column":24}},"type":"default-arg","locations":[{"start":{"line":10,"column":19},"end":{"line":10,"column":24}}],"line":10},"6":{"loc":{"start":{"line":11,"column":4},"end":{"line":11,"column":22}},"type":"default-arg","locations":[{"start":{"line":11,"column":13},"end":{"line":11,"column":22}}],"line":11},"7":{"loc":{"start":{"line":14,"column":4},"end":{"line":14,"column":17}},"type":"binary-expr","locations":[{"start":{"line":14,"column":4},"end":{"line":14,"column":11}},{"start":{"line":14,"column":15},"end":{"line":14,"column":17}}],"line":14},"8":{"loc":{"start":{"line":24,"column":4},"end":{"line":28,"column":5}},"type":"if","locations":[{"start":{"line":24,"column":4},"end":{"line":28,"column":5}},{"start":{"line":24,"column":4},"end":{"line":28,"column":5}}],"line":24},"9":{"loc":{"start":{"line":26,"column":11},"end":{"line":28,"column":5}},"type":"if","locations":[{"start":{"line":26,"column":11},"end":{"line":28,"column":5}},{"start":{"line":26,"column":11},"end":{"line":28,"column":5}}],"line":26},"10":{"loc":{"start":{"line":31,"column":15},"end":{"line":31,"column":38}},"type":"cond-expr","locations":[{"start":{"line":31,"column":30},"end":{"line":31,"column":33}},{"start":{"line":31,"column":36},"end":{"line":31,"column":38}}],"line":31},"11":{"loc":{"start":{"line":32,"column":4},"end":{"line":37,"column":5}},"type":"if","locations":[{"start":{"line":32,"column":4},"end":{"line":37,"column":5}},{"start":{"line":32,"column":4},"end":{"line":37,"column":5}}],"line":32},"12":{"loc":{"start":{"line":34,"column":6},"end":{"line":36,"column":7}},"type":"if","locations":[{"start":{"line":34,"column":6},"end":{"line":36,"column":7}},{"start":{"line":34,"column":6},"end":{"line":36,"column":7}}],"line":34},"13":{"loc":{"start":{"line":53,"column":4},"end":{"line":55,"column":5}},"type":"if","locations":[{"start":{"line":53,"column":4},"end":{"line":55,"column":5}},{"start":{"line":53,"column":4},"end":{"line":55,"column":5}}],"line":53},"14":{"loc":{"start":{"line":53,"column":8},"end":{"line":53,"column":74}},"type":"binary-expr","locations":[{"start":{"line":53,"column":8},"end":{"line":53,"column":39}},{"start":{"line":53,"column":43},"end":{"line":53,"column":74}}],"line":53},"15":{"loc":{"start":{"line":59,"column":4},"end":{"line":66,"column":5}},"type":"if","locations":[{"start":{"line":59,"column":4},"end":{"line":66,"column":5}},{"start":{"line":59,"column":4},"end":{"line":66,"column":5}}],"line":59},"16":{"loc":{"start":{"line":71,"column":4},"end":{"line":73,"column":5}},"type":"if","locations":[{"start":{"line":71,"column":4},"end":{"line":73,"column":5}},{"start":{"line":71,"column":4},"end":{"line":73,"column":5}}],"line":71},"17":{"loc":{"start":{"line":75,"column":4},"end":{"line":77,"column":5}},"type":"if","locations":[{"start":{"line":75,"column":4},"end":{"line":77,"column":5}},{"start":{"line":75,"column":4},"end":{"line":77,"column":5}}],"line":75},"18":{"loc":{"start":{"line":83,"column":4},"end":{"line":85,"column":5}},"type":"if","locations":[{"start":{"line":83,"column":4},"end":{"line":85,"column":5}},{"start":{"line":83,"column":4},"end":{"line":85,"column":5}}],"line":83},"19":{"loc":{"start":{"line":87,"column":4},"end":{"line":89,"column":5}},"type":"if","locations":[{"start":{"line":87,"column":4},"end":{"line":89,"column":5}},{"start":{"line":87,"column":4},"end":{"line":89,"column":5}}],"line":87},"20":{"loc":{"start":{"line":95,"column":4},"end":{"line":104,"column":5}},"type":"if","locations":[{"start":{"line":95,"column":4},"end":{"line":104,"column":5}},{"start":{"line":95,"column":4},"end":{"line":104,"column":5}}],"line":95},"21":{"loc":{"start":{"line":96,"column":6},"end":{"line":98,"column":7}},"type":"if","locations":[{"start":{"line":96,"column":6},"end":{"line":98,"column":7}},{"start":{"line":96,"column":6},"end":{"line":98,"column":7}}],"line":96}},"s":{"0":25,"1":25,"2":11,"3":25,"4":11,"5":11,"6":1,"7":10,"8":3,"9":11,"10":11,"11":4,"12":4,"13":2,"14":11,"15":11,"16":25,"17":22,"18":22,"19":22,"20":22,"21":22,"22":3,"23":19,"24":19,"25":3,"26":3,"27":3,"28":19,"29":19,"30":12,"31":19,"32":12,"33":19,"34":19,"35":19,"36":7,"37":19,"38":1,"39":19,"40":25,"41":6,"42":5,"43":4,"44":5,"45":4,"46":4,"47":25,"48":11,"49":22,"50":3,"51":1,"52":1,"53":1},"f":{"0":25,"1":11,"2":11,"3":22,"4":6,"5":4,"6":11,"7":22,"8":3,"9":1,"10":1,"11":1},"b":{"0":[9],"1":[10],"2":[18],"3":[18],"4":[21],"5":[24],"6":[23],"7":[25,2],"8":[1,10],"9":[3,7],"10":[1,10],"11":[4,7],"12":[2,2],"13":[3,19],"14":[22,20],"15":[3,16],"16":[12,7],"17":[12,7],"18":[7,12],"19":[1,18],"20":[5,1],"21":[4,1]},"_coverageSchema":"332fd63041d2c1bcb487cc26dd0d5f7d97098a6c","hash":"e764c7e2810e076d097856d0e04b2b61d940753d"}
,"C:\\Users\\Renato\\Documents\\Workspace\\redux-form-input-masks\\src\\index.js": {"path":"C:\\Users\\Renato\\Documents\\Workspace\\redux-form-input-masks\\src\\index.js","statementMap":{},"fnMap":{},"branchMap":{},"s":{},"f":{},"b":{},"_coverageSchema":"332fd63041d2c1bcb487cc26dd0d5f7d97098a6c","hash":"a4e6e9bac8f8c576a9772dd3e7ee578ed71afa43"}
,"C:\\Users\\Renato\\Documents\\Workspace\\redux-form-input-masks\\src\\utils.js": {"path":"C:\\Users\\Renato\\Documents\\Workspace\\redux-form-input-masks\\src\\utils.js","statementMap":{"0":{"start":{"line":1,"column":21},"end":{"line":2,"column":60}},"1":{"start":{"line":2,"column":2},"end":{"line":2,"column":60}},"2":{"start":{"line":4,"column":24},"end":{"line":4,"column":73}},"3":{"start":{"line":4,"column":41},"end":{"line":4,"column":73}}},"fnMap":{"0":{"name":"(anonymous_0)","decl":{"start":{"line":1,"column":21},"end":{"line":1,"column":22}},"loc":{"start":{"line":2,"column":2},"end":{"line":2,"column":60}},"line":2},"1":{"name":"(anonymous_1)","decl":{"start":{"line":4,"column":24},"end":{"line":4,"column":25}},"loc":{"start":{"line":4,"column":41},"end":{"line":4,"column":73}},"line":4}},"branchMap":{"0":{"loc":{"start":{"line":4,"column":42},"end":{"line":4,"column":65}},"type":"binary-expr","locations":[{"start":{"line":4,"column":42},"end":{"line":4,"column":59}},{"start":{"line":4,"column":63},"end":{"line":4,"column":65}}],"line":4}},"s":{"0":2,"1":45,"2":2,"3":14},"f":{"0":45,"1":14},"b":{"0":[14,1]},"_coverageSchema":"332fd63041d2c1bcb487cc26dd0d5f7d97098a6c","hash":"46941b636730d1d5ee030bedff61c828358c1cea"}
}
