{"C:\\Users\\Renato\\Documents\\Workspace\\redux-form-input-masks\\src\\createNumberMask.js": {"path":"C:\\Users\\Renato\\Documents\\Workspace\\redux-form-input-masks\\src\\createNumberMask.js","statementMap":{"0":{"start":{"line":13,"column":4},"end":{"line":13,"column":17}},"1":{"start":{"line":15,"column":31},"end":{"line":19,"column":6}},"2":{"start":{"line":16,"column":4},"end":{"line":19,"column":6}},"3":{"start":{"line":21,"column":17},"end":{"line":42,"column":3}},"4":{"start":{"line":22,"column":17},"end":{"line":22,"column":27}},"5":{"start":{"line":23,"column":4},"end":{"line":27,"column":5}},"6":{"start":{"line":24,"column":6},"end":{"line":24,"column":17}},"7":{"start":{"line":25,"column":11},"end":{"line":27,"column":5}},"8":{"start":{"line":26,"column":6},"end":{"line":26,"column":30}},"9":{"start":{"line":30,"column":20},"end":{"line":30,"column":22}},"10":{"start":{"line":31,"column":4},"end":{"line":36,"column":5}},"11":{"start":{"line":32,"column":6},"end":{"line":32,"column":19}},"12":{"start":{"line":33,"column":6},"end":{"line":35,"column":7}},"13":{"start":{"line":34,"column":8},"end":{"line":34,"column":24}},"14":{"start":{"line":39,"column":4},"end":{"line":39,"column":42}},"15":{"start":{"line":41,"column":4},"end":{"line":41,"column":53}},"16":{"start":{"line":44,"column":20},"end":{"line":91,"column":3}},"17":{"start":{"line":45,"column":26},"end":{"line":45,"column":46}},"18":{"start":{"line":46,"column":26},"end":{"line":46,"column":46}},"19":{"start":{"line":48,"column":24},"end":{"line":48,"column":57}},"20":{"start":{"line":49,"column":24},"end":{"line":49,"column":55}},"21":{"start":{"line":52,"column":4},"end":{"line":54,"column":5}},"22":{"start":{"line":53,"column":6},"end":{"line":53,"column":27}},"23":{"start":{"line":57,"column":21},"end":{"line":57,"column":22}},"24":{"start":{"line":58,"column":4},"end":{"line":65,"column":5}},"25":{"start":{"line":59,"column":26},"end":{"line":59,"column":30}},"26":{"start":{"line":61,"column":8},"end":{"line":63,"column":44}},"27":{"start":{"line":64,"column":6},"end":{"line":64,"column":37}},"28":{"start":{"line":68,"column":17},"end":{"line":68,"column":29}},"29":{"start":{"line":70,"column":4},"end":{"line":72,"column":5}},"30":{"start":{"line":71,"column":6},"end":{"line":71,"column":47}},"31":{"start":{"line":74,"column":4},"end":{"line":76,"column":5}},"32":{"start":{"line":75,"column":6},"end":{"line":75,"column":47}},"33":{"start":{"line":78,"column":4},"end":{"line":78,"column":60}},"34":{"start":{"line":81,"column":17},"end":{"line":81,"column":66}},"35":{"start":{"line":82,"column":4},"end":{"line":84,"column":5}},"36":{"start":{"line":83,"column":6},"end":{"line":83,"column":33}},"37":{"start":{"line":86,"column":4},"end":{"line":88,"column":5}},"38":{"start":{"line":87,"column":6},"end":{"line":87,"column":23}},"39":{"start":{"line":90,"column":4},"end":{"line":90,"column":18}},"40":{"start":{"line":93,"column":30},"end":{"line":104,"column":3}},"41":{"start":{"line":94,"column":4},"end":{"line":103,"column":5}},"42":{"start":{"line":95,"column":6},"end":{"line":97,"column":7}},"43":{"start":{"line":96,"column":8},"end":{"line":96,"column":24}},"44":{"start":{"line":99,"column":6},"end":{"line":102,"column":9}},"45":{"start":{"line":100,"column":25},"end":{"line":100,"column":66}},"46":{"start":{"line":101,"column":8},"end":{"line":101,"column":59}},"47":{"start":{"line":106,"column":2},"end":{"line":115,"column":4}},"48":{"start":{"line":107,"column":26},"end":{"line":107,"column":44}},"49":{"start":{"line":109,"column":6},"end":{"line":109,"column":44}},"50":{"start":{"line":110,"column":24},"end":{"line":110,"column":50}},"51":{"start":{"line":111,"column":26},"end":{"line":111,"column":52}},"52":{"start":{"line":112,"column":22},"end":{"line":112,"column":48}},"53":{"start":{"line":113,"column":22},"end":{"line":113,"column":48}}},"fnMap":{"0":{"name":"(anonymous_0)","decl":{"start":{"line":3,"column":15},"end":{"line":3,"column":16}},"loc":{"start":{"line":3,"column":26},"end":{"line":116,"column":1}},"line":3},"1":{"name":"(anonymous_1)","decl":{"start":{"line":15,"column":31},"end":{"line":15,"column":32}},"loc":{"start":{"line":16,"column":4},"end":{"line":19,"column":6}},"line":16},"2":{"name":"(anonymous_2)","decl":{"start":{"line":21,"column":17},"end":{"line":21,"column":18}},"loc":{"start":{"line":21,"column":31},"end":{"line":42,"column":3}},"line":21},"3":{"name":"(anonymous_3)","decl":{"start":{"line":44,"column":20},"end":{"line":44,"column":21}},"loc":{"start":{"line":44,"column":53},"end":{"line":91,"column":3}},"line":44},"4":{"name":"(anonymous_4)","decl":{"start":{"line":93,"column":30},"end":{"line":93,"column":31}},"loc":{"start":{"line":93,"column":39},"end":{"line":104,"column":3}},"line":93},"5":{"name":"(anonymous_5)","decl":{"start":{"line":99,"column":17},"end":{"line":99,"column":18}},"loc":{"start":{"line":99,"column":23},"end":{"line":102,"column":7}},"line":99},"6":{"name":"(anonymous_6)","decl":{"start":{"line":107,"column":12},"end":{"line":107,"column":13}},"loc":{"start":{"line":107,"column":26},"end":{"line":107,"column":44}},"line":107},"7":{"name":"(anonymous_7)","decl":{"start":{"line":108,"column":15},"end":{"line":108,"column":16}},"loc":{"start":{"line":109,"column":6},"end":{"line":109,"column":44}},"line":109},"8":{"name":"(anonymous_8)","decl":{"start":{"line":110,"column":15},"end":{"line":110,"column":16}},"loc":{"start":{"line":110,"column":24},"end":{"line":110,"column":50}},"line":110},"9":{"name":"(anonymous_9)","decl":{"start":{"line":111,"column":17},"end":{"line":111,"column":18}},"loc":{"start":{"line":111,"column":26},"end":{"line":111,"column":52}},"line":111},"10":{"name":"(anonymous_10)","decl":{"start":{"line":112,"column":13},"end":{"line":112,"column":14}},"loc":{"start":{"line":112,"column":22},"end":{"line":112,"column":48}},"line":112},"11":{"name":"(anonymous_11)","decl":{"start":{"line":113,"column":13},"end":{"line":113,"column":14}},"loc":{"start":{"line":113,"column":22},"end":{"line":113,"column":48}},"line":113}},"branchMap":{"0":{"loc":{"start":{"line":5,"column":4},"end":{"line":5,"column":15}},"type":"default-arg","locations":[{"start":{"line":5,"column":13},"end":{"line":5,"column":15}}],"line":5},"1":{"loc":{"start":{"line":6,"column":4},"end":{"line":6,"column":15}},"type":"default-arg","locations":[{"start":{"line":6,"column":13},"end":{"line":6,"column":15}}],"line":6},"2":{"loc":{"start":{"line":7,"column":4},"end":{"line":7,"column":21}},"type":"default-arg","locations":[{"start":{"line":7,"column":20},"end":{"line":7,"column":21}}],"line":7},"3":{"loc":{"start":{"line":8,"column":4},"end":{"line":8,"column":23}},"type":"default-arg","locations":[{"start":{"line":8,"column":18},"end":{"line":8,"column":23}}],"line":8},"4":{"loc":{"start":{"line":9,"column":4},"end":{"line":9,"column":25}},"type":"default-arg","locations":[{"start":{"line":9,"column":20},"end":{"line":9,"column":25}}],"line":9},"5":{"loc":{"start":{"line":10,"column":4},"end":{"line":10,"column":22}},"type":"default-arg","locations":[{"start":{"line":10,"column":13},"end":{"line":10,"column":22}}],"line":10},"6":{"loc":{"start":{"line":13,"column":4},"end":{"line":13,"column":17}},"type":"binary-expr","locations":[{"start":{"line":13,"column":4},"end":{"line":13,"column":11}},{"start":{"line":13,"column":15},"end":{"line":13,"column":17}}],"line":13},"7":{"loc":{"start":{"line":23,"column":4},"end":{"line":27,"column":5}},"type":"if","locations":[{"start":{"line":23,"column":4},"end":{"line":27,"column":5}},{"start":{"line":23,"column":4},"end":{"line":27,"column":5}}],"line":23},"8":{"loc":{"start":{"line":25,"column":11},"end":{"line":27,"column":5}},"type":"if","locations":[{"start":{"line":25,"column":11},"end":{"line":27,"column":5}},{"start":{"line":25,"column":11},"end":{"line":27,"column":5}}],"line":25},"9":{"loc":{"start":{"line":31,"column":4},"end":{"line":36,"column":5}},"type":"if","locations":[{"start":{"line":31,"column":4},"end":{"line":36,"column":5}},{"start":{"line":31,"column":4},"end":{"line":36,"column":5}}],"line":31},"10":{"loc":{"start":{"line":33,"column":6},"end":{"line":35,"column":7}},"type":"if","locations":[{"start":{"line":33,"column":6},"end":{"line":35,"column":7}},{"start":{"line":33,"column":6},"end":{"line":35,"column":7}}],"line":33},"11":{"loc":{"start":{"line":52,"column":4},"end":{"line":54,"column":5}},"type":"if","locations":[{"start":{"line":52,"column":4},"end":{"line":54,"column":5}},{"start":{"line":52,"column":4},"end":{"line":54,"column":5}}],"line":52},"12":{"loc":{"start":{"line":52,"column":8},"end":{"line":52,"column":74}},"type":"binary-expr","locations":[{"start":{"line":52,"column":8},"end":{"line":52,"column":39}},{"start":{"line":52,"column":43},"end":{"line":52,"column":74}}],"line":52},"13":{"loc":{"start":{"line":58,"column":4},"end":{"line":65,"column":5}},"type":"if","locations":[{"start":{"line":58,"column":4},"end":{"line":65,"column":5}},{"start":{"line":58,"column":4},"end":{"line":65,"column":5}}],"line":58},"14":{"loc":{"start":{"line":70,"column":4},"end":{"line":72,"column":5}},"type":"if","locations":[{"start":{"line":70,"column":4},"end":{"line":72,"column":5}},{"start":{"line":70,"column":4},"end":{"line":72,"column":5}}],"line":70},"15":{"loc":{"start":{"line":74,"column":4},"end":{"line":76,"column":5}},"type":"if","locations":[{"start":{"line":74,"column":4},"end":{"line":76,"column":5}},{"start":{"line":74,"column":4},"end":{"line":76,"column":5}}],"line":74},"16":{"loc":{"start":{"line":82,"column":4},"end":{"line":84,"column":5}},"type":"if","locations":[{"start":{"line":82,"column":4},"end":{"line":84,"column":5}},{"start":{"line":82,"column":4},"end":{"line":84,"column":5}}],"line":82},"17":{"loc":{"start":{"line":86,"column":4},"end":{"line":88,"column":5}},"type":"if","locations":[{"start":{"line":86,"column":4},"end":{"line":88,"column":5}},{"start":{"line":86,"column":4},"end":{"line":88,"column":5}}],"line":86},"18":{"loc":{"start":{"line":94,"column":4},"end":{"line":103,"column":5}},"type":"if","locations":[{"start":{"line":94,"column":4},"end":{"line":103,"column":5}},{"start":{"line":94,"column":4},"end":{"line":103,"column":5}}],"line":94},"19":{"loc":{"start":{"line":95,"column":6},"end":{"line":97,"column":7}},"type":"if","locations":[{"start":{"line":95,"column":6},"end":{"line":97,"column":7}},{"start":{"line":95,"column":6},"end":{"line":97,"column":7}}],"line":95}},"s":{"0":24,"1":24,"2":10,"3":24,"4":10,"5":10,"6":1,"7":9,"8":3,"9":10,"10":10,"11":4,"12":4,"13":2,"14":10,"15":10,"16":24,"17":21,"18":21,"19":21,"20":21,"21":21,"22":3,"23":18,"24":18,"25":3,"26":3,"27":3,"28":18,"29":18,"30":11,"31":18,"32":11,"33":18,"34":18,"35":18,"36":6,"37":18,"38":1,"39":18,"40":24,"41":6,"42":5,"43":4,"44":5,"45":4,"46":4,"47":24,"48":10,"49":21,"50":3,"51":1,"52":1,"53":1},"f":{"0":24,"1":10,"2":10,"3":21,"4":6,"5":4,"6":10,"7":21,"8":3,"9":1,"10":1,"11":1},"b":{"0":[9],"1":[9],"2":[17],"3":[17],"4":[20],"5":[22],"6":[24,2],"7":[1,9],"8":[3,6],"9":[4,6],"10":[2,2],"11":[3,18],"12":[21,19],"13":[3,15],"14":[11,7],"15":[11,7],"16":[6,12],"17":[1,17],"18":[5,1],"19":[4,1]},"_coverageSchema":"332fd63041d2c1bcb487cc26dd0d5f7d97098a6c","hash":"d02856278b580290903103ecf8c7ee425757996b"}
,"C:\\Users\\Renato\\Documents\\Workspace\\redux-form-input-masks\\src\\index.js": {"path":"C:\\Users\\Renato\\Documents\\Workspace\\redux-form-input-masks\\src\\index.js","statementMap":{},"fnMap":{},"branchMap":{},"s":{},"f":{},"b":{},"_coverageSchema":"332fd63041d2c1bcb487cc26dd0d5f7d97098a6c","hash":"a4e6e9bac8f8c576a9772dd3e7ee578ed71afa43"}
,"C:\\Users\\Renato\\Documents\\Workspace\\redux-form-input-masks\\src\\utils.js": {"path":"C:\\Users\\Renato\\Documents\\Workspace\\redux-form-input-masks\\src\\utils.js","statementMap":{"0":{"start":{"line":1,"column":21},"end":{"line":2,"column":60}},"1":{"start":{"line":2,"column":2},"end":{"line":2,"column":60}},"2":{"start":{"line":4,"column":24},"end":{"line":4,"column":73}},"3":{"start":{"line":4,"column":41},"end":{"line":4,"column":73}}},"fnMap":{"0":{"name":"(anonymous_0)","decl":{"start":{"line":1,"column":21},"end":{"line":1,"column":22}},"loc":{"start":{"line":2,"column":2},"end":{"line":2,"column":60}},"line":2},"1":{"name":"(anonymous_1)","decl":{"start":{"line":4,"column":24},"end":{"line":4,"column":25}},"loc":{"start":{"line":4,"column":41},"end":{"line":4,"column":73}},"line":4}},"branchMap":{"0":{"loc":{"start":{"line":4,"column":42},"end":{"line":4,"column":65}},"type":"binary-expr","locations":[{"start":{"line":4,"column":42},"end":{"line":4,"column":59}},{"start":{"line":4,"column":63},"end":{"line":4,"column":65}}],"line":4}},"s":{"0":2,"1":43,"2":2,"3":14},"f":{"0":43,"1":14},"b":{"0":[14,1]},"_coverageSchema":"332fd63041d2c1bcb487cc26dd0d5f7d97098a6c","hash":"46941b636730d1d5ee030bedff61c828358c1cea"}
}
