TN:
SF:C:\Users\Renato\Documents\Workspace\redux-form-input-masks\src\createNumberMask.js
FN:3,(anonymous_0)
FN:15,(anonymous_1)
FN:21,(anonymous_2)
FN:44,(anonymous_3)
FN:93,(anonymous_4)
FN:99,(anonymous_5)
FN:107,(anonymous_6)
FN:108,(anonymous_7)
FN:110,(anonymous_8)
FN:111,(anonymous_9)
FN:112,(anonymous_10)
FN:113,(anonymous_11)
FNF:12
FNH:12
FNDA:24,(anonymous_0)
FNDA:10,(anonymous_1)
FNDA:10,(anonymous_2)
FNDA:21,(anonymous_3)
FNDA:6,(anonymous_4)
FNDA:4,(anonymous_5)
FNDA:10,(anonymous_6)
FNDA:21,(anonymous_7)
FNDA:3,(anonymous_8)
FNDA:1,(anonymous_9)
FNDA:1,(anonymous_10)
FNDA:1,(anonymous_11)
DA:13,24
DA:15,24
DA:16,10
DA:21,24
DA:22,10
DA:23,10
DA:24,1
DA:25,9
DA:26,3
DA:30,10
DA:31,10
DA:32,4
DA:33,4
DA:34,2
DA:39,10
DA:41,10
DA:44,24
DA:45,21
DA:46,21
DA:48,21
DA:49,21
DA:52,21
DA:53,3
DA:57,18
DA:58,18
DA:59,3
DA:61,3
DA:64,3
DA:68,18
DA:70,18
DA:71,11
DA:74,18
DA:75,11
DA:78,18
DA:81,18
DA:82,18
DA:83,6
DA:86,18
DA:87,1
DA:90,18
DA:93,24
DA:94,6
DA:95,5
DA:96,4
DA:99,5
DA:100,4
DA:101,4
DA:106,24
DA:107,10
DA:109,21
DA:110,3
DA:111,1
DA:112,1
DA:113,1
LF:54
LH:54
BRDA:5,0,0,9
BRDA:6,1,0,9
BRDA:7,2,0,17
BRDA:8,3,0,17
BRDA:9,4,0,20
BRDA:10,5,0,22
BRDA:13,6,0,24
BRDA:13,6,1,2
BRDA:23,7,0,1
BRDA:23,7,1,9
BRDA:25,8,0,3
BRDA:25,8,1,6
BRDA:31,9,0,4
BRDA:31,9,1,6
BRDA:33,10,0,2
BRDA:33,10,1,2
BRDA:52,11,0,3
BRDA:52,11,1,18
BRDA:52,12,0,21
BRDA:52,12,1,19
BRDA:58,13,0,3
BRDA:58,13,1,15
BRDA:70,14,0,11
BRDA:70,14,1,7
BRDA:74,15,0,11
BRDA:74,15,1,7
BRDA:82,16,0,6
BRDA:82,16,1,12
BRDA:86,17,0,1
BRDA:86,17,1,17
BRDA:94,18,0,5
BRDA:94,18,1,1
BRDA:95,19,0,4
BRDA:95,19,1,1
BRF:34
BRH:34
end_of_record
TN:
SF:C:\Users\Renato\Documents\Workspace\redux-form-input-masks\src\index.js
FNF:0
FNH:0
LF:0
LH:0
BRF:0
BRH:0
end_of_record
TN:
SF:C:\Users\Renato\Documents\Workspace\redux-form-input-masks\src\utils.js
FN:1,(anonymous_0)
FN:4,(anonymous_1)
FNF:2
FNH:2
FNDA:43,(anonymous_0)
FNDA:14,(anonymous_1)
DA:1,2
DA:2,43
DA:4,14
LF:3
LH:3
BRDA:4,0,0,14
BRDA:4,0,1,1
BRF:2
BRH:2
end_of_record
