TN:
SF:C:\Users\Renato\Documents\Workspace\redux-form-input-masks\src\createNumberMask.js
FN:3,(anonymous_0)
FN:16,(anonymous_1)
FN:22,(anonymous_2)
FN:45,(anonymous_3)
FN:94,(anonymous_4)
FN:100,(anonymous_5)
FN:108,(anonymous_6)
FN:109,(anonymous_7)
FN:111,(anonymous_8)
FN:112,(anonymous_9)
FN:113,(anonymous_10)
FN:114,(anonymous_11)
FNF:12
FNH:12
FNDA:25,(anonymous_0)
FNDA:11,(anonymous_1)
FNDA:11,(anonymous_2)
FNDA:22,(anonymous_3)
FNDA:6,(anonymous_4)
FNDA:4,(anonymous_5)
FNDA:11,(anonymous_6)
FNDA:22,(anonymous_7)
FNDA:3,(anonymous_8)
FNDA:1,(anonymous_9)
FNDA:1,(anonymous_10)
FNDA:1,(anonymous_11)
DA:14,25
DA:16,25
DA:17,11
DA:22,25
DA:23,11
DA:24,11
DA:25,1
DA:26,10
DA:27,3
DA:31,11
DA:32,11
DA:33,4
DA:34,4
DA:35,2
DA:40,11
DA:42,11
DA:45,25
DA:46,22
DA:47,22
DA:49,22
DA:50,22
DA:53,22
DA:54,3
DA:58,19
DA:59,19
DA:60,3
DA:62,3
DA:65,3
DA:69,19
DA:71,19
DA:72,12
DA:75,19
DA:76,12
DA:79,19
DA:82,19
DA:83,19
DA:84,7
DA:87,19
DA:88,1
DA:91,19
DA:94,25
DA:95,6
DA:96,5
DA:97,4
DA:100,5
DA:101,4
DA:102,4
DA:107,25
DA:108,11
DA:110,22
DA:111,3
DA:112,1
DA:113,1
DA:114,1
LF:54
LH:54
BRDA:5,0,0,9
BRDA:6,1,0,10
BRDA:7,2,0,18
BRDA:8,3,0,18
BRDA:9,4,0,21
BRDA:10,5,0,24
BRDA:11,6,0,23
BRDA:14,7,0,25
BRDA:14,7,1,2
BRDA:24,8,0,1
BRDA:24,8,1,10
BRDA:26,9,0,3
BRDA:26,9,1,7
BRDA:31,10,0,1
BRDA:31,10,1,10
BRDA:32,11,0,4
BRDA:32,11,1,7
BRDA:34,12,0,2
BRDA:34,12,1,2
BRDA:53,13,0,3
BRDA:53,13,1,19
BRDA:53,14,0,22
BRDA:53,14,1,20
BRDA:59,15,0,3
BRDA:59,15,1,16
BRDA:71,16,0,12
BRDA:71,16,1,7
BRDA:75,17,0,12
BRDA:75,17,1,7
BRDA:83,18,0,7
BRDA:83,18,1,12
BRDA:87,19,0,1
BRDA:87,19,1,18
BRDA:95,20,0,5
BRDA:95,20,1,1
BRDA:96,21,0,4
BRDA:96,21,1,1
BRF:37
BRH:37
end_of_record
TN:
SF:C:\Users\Renato\Documents\Workspace\redux-form-input-masks\src\index.js
FNF:0
FNH:0
LF:0
LH:0
BRF:0
BRH:0
end_of_record
TN:
SF:C:\Users\Renato\Documents\Workspace\redux-form-input-masks\src\utils.js
FN:1,(anonymous_0)
FN:4,(anonymous_1)
FNF:2
FNH:2
FNDA:45,(anonymous_0)
FNDA:14,(anonymous_1)
DA:1,2
DA:2,45
DA:4,14
LF:3
LH:3
BRDA:4,0,0,14
BRDA:4,0,1,1
BRF:2
BRH:2
end_of_record
